<?xml version="1.0" encoding="UTF-8"?>
<!-- Generated by org.testng.reporters.JUnitReportReporter -->
<testsuite skipped="0" hostname="KrishanKumarPandey" name="com.qtpselenium.AppTest" tests="1" failures="0" timestamp="31 Jan 2018 11:34:02 GMT" time="18.386" errors="0">
  <testcase name="guru99" time="18.386" classname="com.qtpselenium.AppTest"/>
</testsuite> <!-- com.qtpselenium.AppTest -->
